 
****************************************
Report : timing
        -path full
        -delay max
        -max_paths 1
Design : LBP
Version: H-2013.03-SP5
Date   : Mon Sep  7 00:31:39 2020
****************************************

Operating Conditions: slow   Library: slow
Wire Load Model Mode: top

  Startpoint: gray_ready (input port clocked by clk)
  Endpoint: x_reg[0] (rising edge-triggered flip-flop clocked by clk)
  Path Group: clk
  Path Type: max

  Des/Clust/Port     Wire Load Model       Library
  ------------------------------------------------
  LBP                tsmc13_wl10           slow

  Point                                    Incr       Path
  -----------------------------------------------------------
  clock clk (rise edge)                    0.00       0.00
  clock network delay (ideal)              0.50       0.50
  input external delay                     5.00       5.50 f
  gray_ready (in)                          0.02       5.52 f
  U226/Y (NAND4X2)                         0.10       5.61 r
  U156/Y (OAI211X2)                        0.29       5.90 f
  U224/Y (NAND2XL)                         0.51       6.41 r
  U244/Y (CLKINVX1)                        0.23       6.64 f
  U225/Y (CLKBUFX3)                        0.75       7.39 f
  U232/Y (AND2X2)                          0.43       7.82 f
  U228/Y (NAND4BBXL)                       0.32       8.14 r
  U223/Y (BUFX4)                           0.39       8.53 r
  U222/Y (NAND2X2)                         0.38       8.91 f
  U218/Y (NAND2X1)                         0.85       9.75 r
  U219/Y (OR2X1)                           0.28      10.03 r
  U221/Y (NAND3X1)                         0.16      10.20 f
  x_reg[0]/D (DFFSX1)                      0.00      10.20 f
  data arrival time                                  10.20

  clock clk (rise edge)                   10.00      10.00
  clock network delay (ideal)              0.50      10.50
  clock uncertainty                       -0.10      10.40
  x_reg[0]/CK (DFFSX1)                     0.00      10.40 r
  library setup time                      -0.18      10.22
  data required time                                 10.22
  -----------------------------------------------------------
  data required time                                 10.22
  data arrival time                                 -10.20
  -----------------------------------------------------------
  slack (MET)                                         0.02


1
