ncverilog: 15.20-s039: (c) Copyright 1995-2017 Cadence Design Systems, Inc.
TOOL:	ncverilog	15.20-s039: Started on Sep 16, 2020 at 18:17:35 CST
ncverilog
	testfixture.v
	../syn/LBP_syn.v
	-v
	../../tsmc13_neg.v
	+define+SDF
	+define+MD4
Recompiling... reason: file './testfixture.v' is newer than expected.
	expected: Mon Sep 14 14:30:15 2020
	actual:   Wed Sep 16 18:17:33 2020
file: testfixture.v
 #`End_CYCLE ;
           |
ncvlog: *W,INTOVF (testfixture.v,108|11): bit overflow during conversion from text [2.5(IEEE)] (32 bits).
(`define macro: End_CYCLE [testfixture.v line 4], file: testfixture.v line 108)
	module worklib.testfixture:v
		errors: 0, warnings: 1
		Caching library 'worklib' ....... Done
		Caching library 'tsmc13_neg' ....... Done
	Elaborating the design hierarchy:
  DFFRX1 \gc_addr_reg[13]  ( .D(n185), .CK(clk), .RN(n364), .QN(n104) );
                         |
ncelab: *W,CUVWSP (../syn/LBP_syn.v,122|25): 1 output port was not connected:
ncelab: (/home/lin/github/tsmc13_neg.v,18307): Q

  DFFRX1 \gc_addr_reg[5]  ( .D(n201), .CK(clk), .RN(n365), .QN(n96) );
                        |
ncelab: *W,CUVWSP (../syn/LBP_syn.v,126|24): 1 output port was not connected:
ncelab: (/home/lin/github/tsmc13_neg.v,18307): Q

  DFFRX1 \gc_addr_reg[6]  ( .D(n199), .CK(clk), .RN(n365), .QN(n97) );
                        |
ncelab: *W,CUVWSP (../syn/LBP_syn.v,127|24): 1 output port was not connected:
ncelab: (/home/lin/github/tsmc13_neg.v,18307): Q

  DFFRX1 \gc_addr_reg[8]  ( .D(n197), .CK(clk), .RN(n365), .QN(n98) );
                        |
ncelab: *W,CUVWSP (../syn/LBP_syn.v,128|24): 1 output port was not connected:
ncelab: (/home/lin/github/tsmc13_neg.v,18307): Q

  DFFRX1 \gc_addr_reg[9]  ( .D(n193), .CK(clk), .RN(n364), .QN(n100) );
                        |
ncelab: *W,CUVWSP (../syn/LBP_syn.v,129|24): 1 output port was not connected:
ncelab: (/home/lin/github/tsmc13_neg.v,18307): Q

  DFFRX1 \gc_addr_reg[1]  ( .D(n210), .CK(clk), .RN(n365), .QN(n92) );
                        |
ncelab: *W,CUVWSP (../syn/LBP_syn.v,130|24): 1 output port was not connected:
ncelab: (/home/lin/github/tsmc13_neg.v,18307): Q

  DFFRX1 \gc_addr_reg[10]  ( .D(n191), .CK(clk), .RN(n364), .QN(n101) );
                         |
ncelab: *W,CUVWSP (../syn/LBP_syn.v,131|25): 1 output port was not connected:
ncelab: (/home/lin/github/tsmc13_neg.v,18307): Q

  DFFRX1 \gc_addr_reg[2]  ( .D(n207), .CK(clk), .RN(n365), .QN(n93) );
                        |
ncelab: *W,CUVWSP (../syn/LBP_syn.v,132|24): 1 output port was not connected:
ncelab: (/home/lin/github/tsmc13_neg.v,18307): Q

  DFFRX1 \gc_addr_reg[11]  ( .D(n189), .CK(clk), .RN(n364), .QN(n102) );
                         |
ncelab: *W,CUVWSP (../syn/LBP_syn.v,133|25): 1 output port was not connected:
ncelab: (/home/lin/github/tsmc13_neg.v,18307): Q

  DFFRX1 \gc_addr_reg[3]  ( .D(n205), .CK(clk), .RN(n365), .QN(n94) );
                        |
ncelab: *W,CUVWSP (../syn/LBP_syn.v,134|24): 1 output port was not connected:
ncelab: (/home/lin/github/tsmc13_neg.v,18307): Q

  DFFRX1 \gc_addr_reg[12]  ( .D(n187), .CK(clk), .RN(n364), .QN(n103) );
                         |
ncelab: *W,CUVWSP (../syn/LBP_syn.v,135|25): 1 output port was not connected:
ncelab: (/home/lin/github/tsmc13_neg.v,18307): Q

  DFFRX1 \gc_addr_reg[4]  ( .D(n203), .CK(clk), .RN(n365), .QN(n95) );
                        |
ncelab: *W,CUVWSP (../syn/LBP_syn.v,136|24): 1 output port was not connected:
ncelab: (/home/lin/github/tsmc13_neg.v,18307): Q

  DFFSX1 \gc_addr_reg[0]  ( .D(n216), .CK(clk), .SN(n362), .QN(n90) );
                        |
ncelab: *W,CUVWSP (../syn/LBP_syn.v,137|24): 1 output port was not connected:
ncelab: (/home/lin/github/tsmc13_neg.v,18583): Q

  DFFSX1 \gc_addr_reg[7]  ( .D(n195), .CK(clk), .SN(n362), .QN(n99) );
                        |
ncelab: *W,CUVWSP (../syn/LBP_syn.v,138|24): 1 output port was not connected:
ncelab: (/home/lin/github/tsmc13_neg.v,18583): Q

  DFFRX1 \current_state_reg[1]  ( .D(n407), .CK(clk), .RN(n363), .QN(n143) );
                              |
ncelab: *W,CUVWSP (../syn/LBP_syn.v,153|30): 1 output port was not connected:
ncelab: (/home/lin/github/tsmc13_neg.v,18307): Q

  DFFRX1 lbp_valid_reg ( .D(n361), .CK(clk), .RN(n365), .Q(n491) );
                     |
ncelab: *W,CUVWSP (../syn/LBP_syn.v,205|21): 1 output port was not connected:
ncelab: (/home/lin/github/tsmc13_neg.v,18307): QN

  DFFRX1 gray_req_reg ( .D(N82), .CK(clk), .RN(n365), .Q(n490) );
                    |
ncelab: *W,CUVWSP (../syn/LBP_syn.v,206|20): 1 output port was not connected:
ncelab: (/home/lin/github/tsmc13_neg.v,18307): QN

  DFFRX1 \gc_data_reg[7]  ( .D(n170), .CK(clk), .RN(n402), .Q(gc_data[7]) );
                        |
ncelab: *W,CUVWSP (../syn/LBP_syn.v,211|24): 1 output port was not connected:
ncelab: (/home/lin/github/tsmc13_neg.v,18307): QN

  DFFRX1 \gc_data_reg[5]  ( .D(n168), .CK(clk), .RN(n402), .Q(gc_data[5]) );
                        |
ncelab: *W,CUVWSP (../syn/LBP_syn.v,212|24): 1 output port was not connected:
ncelab: (/home/lin/github/tsmc13_neg.v,18307): QN

  DFFRX1 \gc_data_reg[3]  ( .D(n166), .CK(clk), .RN(n402), .Q(gc_data[3]) );
                        |
ncelab: *W,CUVWSP (../syn/LBP_syn.v,213|24): 1 output port was not connected:
ncelab: (/home/lin/github/tsmc13_neg.v,18307): QN

  DFFRX1 \gc_data_reg[1]  ( .D(n164), .CK(clk), .RN(n402), .Q(gc_data[1]) );
                        |
ncelab: *W,CUVWSP (../syn/LBP_syn.v,214|24): 1 output port was not connected:
ncelab: (/home/lin/github/tsmc13_neg.v,18307): QN

  DFFRX1 \gc_data_reg[4]  ( .D(n167), .CK(clk), .RN(n402), .Q(gc_data[4]) );
                        |
ncelab: *W,CUVWSP (../syn/LBP_syn.v,215|24): 1 output port was not connected:
ncelab: (/home/lin/github/tsmc13_neg.v,18307): QN

  DFFRX1 \gc_data_reg[2]  ( .D(n165), .CK(clk), .RN(n402), .Q(gc_data[2]) );
                        |
ncelab: *W,CUVWSP (../syn/LBP_syn.v,216|24): 1 output port was not connected:
ncelab: (/home/lin/github/tsmc13_neg.v,18307): QN

  LBP_DW01_add_0 add_183_S2 ( .A({lbp_data[7:1], n442}), .B({N149, N148, N147, 
                          |
ncelab: *W,CUVWSP (../syn/LBP_syn.v,570|26): 1 output port was not connected:
ncelab: (../syn/LBP_syn.v,8): CO

	Reading SDF file from location "../syn/LBP_syn.sdf"
	Writing compiled SDF file to "LBP_syn.sdf.X".
	Annotating SDF timing data:
		Compiled SDF file:     LBP_syn.sdf.X
		Log file:              
		Backannotation scope:  testfixture.LBP
		Configuration file:    
		MTM control:           
		Scale factors:         
		Scale type:            
ncelab: *W,SDFNEP: Unable to annotate to non-existent path (IOPATH (posedge A) Y) of instance testfixture.LBP.r390.U2 of module XOR2X1 <../syn/LBP_syn.sdf, line 1417>.
ncelab: *W,SDFNEP: Unable to annotate to non-existent path (IOPATH (negedge A) Y) of instance testfixture.LBP.r390.U2 of module XOR2X1 <../syn/LBP_syn.sdf, line 1418>.
ncelab: *W,SDFNEP: Unable to annotate to non-existent path (IOPATH (posedge B) Y) of instance testfixture.LBP.r390.U2 of module XOR2X1 <../syn/LBP_syn.sdf, line 1421>.
ncelab: *W,SDFNEP: Unable to annotate to non-existent path (IOPATH (negedge B) Y) of instance testfixture.LBP.r390.U2 of module XOR2X1 <../syn/LBP_syn.sdf, line 1422>.
ncelab: *W,SDFNEP: Unable to annotate to non-existent path (IOPATH (posedge A) S) of instance testfixture.LBP.r390.U1_1_1 of module ADDHXL <../syn/LBP_syn.sdf, line 1444>.
ncelab: *W,SDFNEP: Unable to annotate to non-existent path (IOPATH (negedge A) S) of instance testfixture.LBP.r390.U1_1_1 of module ADDHXL <../syn/LBP_syn.sdf, line 1445>.
ncelab: *W,SDFNEP: Unable to annotate to non-existent path (IOPATH (posedge B) S) of instance testfixture.LBP.r390.U1_1_1 of module ADDHXL <../syn/LBP_syn.sdf, line 1448>.
ncelab: *W,SDFNEP: Unable to annotate to non-existent path (IOPATH (negedge B) S) of instance testfixture.LBP.r390.U1_1_1 of module ADDHXL <../syn/LBP_syn.sdf, line 1449>.
ncelab: *W,SDFNEP: Unable to annotate to non-existent path (IOPATH (posedge A) S) of instance testfixture.LBP.r390.U1_1_3 of module ADDHXL <../syn/LBP_syn.sdf, line 1462>.
ncelab: *W,SDFNEP: Unable to annotate to non-existent path (IOPATH (negedge A) S) of instance testfixture.LBP.r390.U1_1_3 of module ADDHXL <../syn/LBP_syn.sdf, line 1463>.
ncelab: *W,SDFNEP: Unable to annotate to non-existent path (IOPATH (posedge B) S) of instance testfixture.LBP.r390.U1_1_3 of module ADDHXL <../syn/LBP_syn.sdf, line 1466>.
ncelab: *W,SDFNEP: Unable to annotate to non-existent path (IOPATH (negedge B) S) of instance testfixture.LBP.r390.U1_1_3 of module ADDHXL <../syn/LBP_syn.sdf, line 1467>.
ncelab: *W,SDFNEP: Unable to annotate to non-existent path (IOPATH (posedge A) S) of instance testfixture.LBP.r390.U1_1_2 of module ADDHXL <../syn/LBP_syn.sdf, line 1480>.
ncelab: *W,SDFNEP: Unable to annotate to non-existent path (IOPATH (negedge A) S) of instance testfixture.LBP.r390.U1_1_2 of module ADDHXL <../syn/LBP_syn.sdf, line 1481>.
ncelab: *W,SDFNEP: Unable to annotate to non-existent path (IOPATH (posedge B) S) of instance testfixture.LBP.r390.U1_1_2 of module ADDHXL <../syn/LBP_syn.sdf, line 1484>.
ncelab: *W,SDFNEP: Unable to annotate to non-existent path (IOPATH (negedge B) S) of instance testfixture.LBP.r390.U1_1_2 of module ADDHXL <../syn/LBP_syn.sdf, line 1485>.
ncelab: *W,SDFNEP: Unable to annotate to non-existent path (IOPATH (posedge A) S) of instance testfixture.LBP.r390.U1_1_4 of module ADDHXL <../syn/LBP_syn.sdf, line 1498>.
ncelab: *W,SDFNEP: Unable to annotate to non-existent path (IOPATH (negedge A) S) of instance testfixture.LBP.r390.U1_1_4 of module ADDHXL <../syn/LBP_syn.sdf, line 1499>.
ncelab: *W,SDFNEP: Unable to annotate to non-existent path (IOPATH (posedge B) S) of instance testfixture.LBP.r390.U1_1_4 of module ADDHXL <../syn/LBP_syn.sdf, line 1502>.
ncelab: *W,SDFNEP: Unable to annotate to non-existent path (IOPATH (negedge B) S) of instance testfixture.LBP.r390.U1_1_4 of module ADDHXL <../syn/LBP_syn.sdf, line 1503>.
ncelab: *W,SDFNEP: Unable to annotate to non-existent path (IOPATH (posedge A) S) of instance testfixture.LBP.r390.U1_1_5 of module ADDHXL <../syn/LBP_syn.sdf, line 1516>.
ncelab: *W,SDFNEP: Unable to annotate to non-existent path (IOPATH (negedge A) S) of instance testfixture.LBP.r390.U1_1_5 of module ADDHXL <../syn/LBP_syn.sdf, line 1517>.
ncelab: *W,SDFNEP: Unable to annotate to non-existent path (IOPATH (posedge B) S) of instance testfixture.LBP.r390.U1_1_5 of module ADDHXL <../syn/LBP_syn.sdf, line 1520>.
ncelab: *W,SDFNEP: Unable to annotate to non-existent path (IOPATH (negedge B) S) of instance testfixture.LBP.r390.U1_1_5 of module ADDHXL <../syn/LBP_syn.sdf, line 1521>.
ncelab: *W,SDFNEP: Unable to annotate to non-existent path (IOPATH (posedge A) Y) of instance testfixture.LBP.r392.U2 of module XOR2X1 <../syn/LBP_syn.sdf, line 1532>.
ncelab: *W,SDFNEP: Unable to annotate to non-existent path (IOPATH (negedge A) Y) of instance testfixture.LBP.r392.U2 of module XOR2X1 <../syn/LBP_syn.sdf, line 1533>.
ncelab: *W,SDFNEP: Unable to annotate to non-existent path (IOPATH (posedge B) Y) of instance testfixture.LBP.r392.U2 of module XOR2X1 <../syn/LBP_syn.sdf, line 1536>.
ncelab: *W,SDFNEP: Unable to annotate to non-existent path (IOPATH (negedge B) Y) of instance testfixture.LBP.r392.U2 of module XOR2X1 <../syn/LBP_syn.sdf, line 1537>.
ncelab: *W,SDFNEP: Unable to annotate to non-existent path (IOPATH (posedge A) S) of instance testfixture.LBP.r392.U1_1_1 of module ADDHXL <../syn/LBP_syn.sdf, line 1559>.
ncelab: *W,SDFNEP: Unable to annotate to non-existent path (IOPATH (negedge A) S) of instance testfixture.LBP.r392.U1_1_1 of module ADDHXL <../syn/LBP_syn.sdf, line 1560>.
ncelab: *W,SDFNEP: Unable to annotate to non-existent path (IOPATH (posedge B) S) of instance testfixture.LBP.r392.U1_1_1 of module ADDHXL <../syn/LBP_syn.sdf, line 1563>.
ncelab: *W,SDFNEP: Unable to annotate to non-existent path (IOPATH (negedge B) S) of instance testfixture.LBP.r392.U1_1_1 of module ADDHXL <../syn/LBP_syn.sdf, line 1564>.
ncelab: *W,SDFNEP: Unable to annotate to non-existent path (IOPATH (posedge A) S) of instance testfixture.LBP.r392.U1_1_3 of module ADDHXL <../syn/LBP_syn.sdf, line 1577>.
ncelab: *W,SDFNEP: Unable to annotate to non-existent path (IOPATH (negedge A) S) of instance testfixture.LBP.r392.U1_1_3 of module ADDHXL <../syn/LBP_syn.sdf, line 1578>.
ncelab: *W,SDFNEP: Unable to annotate to non-existent path (IOPATH (posedge B) S) of instance testfixture.LBP.r392.U1_1_3 of module ADDHXL <../syn/LBP_syn.sdf, line 1581>.
ncelab: *W,SDFNEP: Unable to annotate to non-existent path (IOPATH (negedge B) S) of instance testfixture.LBP.r392.U1_1_3 of module ADDHXL <../syn/LBP_syn.sdf, line 1582>.
ncelab: *W,SDFNEP: Unable to annotate to non-existent path (IOPATH (posedge A) S) of instance testfixture.LBP.r392.U1_1_2 of module ADDHXL <../syn/LBP_syn.sdf, line 1595>.
ncelab: *W,SDFNEP: Unable to annotate to non-existent path (IOPATH (negedge A) S) of instance testfixture.LBP.r392.U1_1_2 of module ADDHXL <../syn/LBP_syn.sdf, line 1596>.
ncelab: *W,SDFNEP: Unable to annotate to non-existent path (IOPATH (posedge B) S) of instance testfixture.LBP.r392.U1_1_2 of module ADDHXL <../syn/LBP_syn.sdf, line 1599>.
ncelab: *W,SDFNEP: Unable to annotate to non-existent path (IOPATH (negedge B) S) of instance testfixture.LBP.r392.U1_1_2 of module ADDHXL <../syn/LBP_syn.sdf, line 1600>.
ncelab: *W,SDFNEP: Unable to annotate to non-existent path (IOPATH (posedge A) S) of instance testfixture.LBP.r392.U1_1_4 of module ADDHXL <../syn/LBP_syn.sdf, line 1613>.
ncelab: *W,SDFNEP: Unable to annotate to non-existent path (IOPATH (negedge A) S) of instance testfixture.LBP.r392.U1_1_4 of module ADDHXL <../syn/LBP_syn.sdf, line 1614>.
ncelab: *W,SDFNEP: Unable to annotate to non-existent path (IOPATH (posedge B) S) of instance testfixture.LBP.r392.U1_1_4 of module ADDHXL <../syn/LBP_syn.sdf, line 1617>.
ncelab: *W,SDFNEP: Unable to annotate to non-existent path (IOPATH (negedge B) S) of instance testfixture.LBP.r392.U1_1_4 of module ADDHXL <../syn/LBP_syn.sdf, line 1618>.
ncelab: *W,SDFNEP: Unable to annotate to non-existent path (IOPATH (posedge A) S) of instance testfixture.LBP.r392.U1_1_5 of module ADDHXL <../syn/LBP_syn.sdf, line 1631>.
ncelab: *W,SDFNEP: Unable to annotate to non-existent path (IOPATH (negedge A) S) of instance testfixture.LBP.r392.U1_1_5 of module ADDHXL <../syn/LBP_syn.sdf, line 1632>.
ncelab: *W,SDFNEP: Unable to annotate to non-existent path (IOPATH (posedge B) S) of instance testfixture.LBP.r392.U1_1_5 of module ADDHXL <../syn/LBP_syn.sdf, line 1635>.
ncelab: *W,SDFNEP: Unable to annotate to non-existent path (IOPATH (negedge B) S) of instance testfixture.LBP.r392.U1_1_5 of module ADDHXL <../syn/LBP_syn.sdf, line 1636>.
ncelab: *W,SDFNEP: Unable to annotate to non-existent path (IOPATH (posedge A) Y) of instance testfixture.LBP.add_183_S2.U2 of module XOR2XL <../syn/LBP_syn.sdf, line 1647>.
ncelab: *W,SDFNEP: Unable to annotate to non-existent path (IOPATH (negedge A) Y) of instance testfixture.LBP.add_183_S2.U2 of module XOR2XL <../syn/LBP_syn.sdf, line 1648>.
ncelab: *W,SDFNEP: Unable to annotate to non-existent path (IOPATH (posedge B) Y) of instance testfixture.LBP.add_183_S2.U2 of module XOR2XL <../syn/LBP_syn.sdf, line 1651>.
ncelab: *W,SDFNEP: Unable to annotate to non-existent path (IOPATH (negedge B) Y) of instance testfixture.LBP.add_183_S2.U2 of module XOR2XL <../syn/LBP_syn.sdf, line 1652>.
ncelab: *W,SDFNEP: Unable to annotate to non-existent path (IOPATH (posedge A) Y) of instance testfixture.LBP.add_183_S2.U1_7 of module XOR3XL <../syn/LBP_syn.sdf, line 1675>.
ncelab: *W,SDFNEP: Unable to annotate to non-existent path (IOPATH (negedge A) Y) of instance testfixture.LBP.add_183_S2.U1_7 of module XOR3XL <../syn/LBP_syn.sdf, line 1676>.
ncelab: *W,SDFNEP: Unable to annotate to non-existent path (IOPATH (posedge B) Y) of instance testfixture.LBP.add_183_S2.U1_7 of module XOR3XL <../syn/LBP_syn.sdf, line 1681>.
ncelab: *W,SDFNEP: Unable to annotate to non-existent path (IOPATH (negedge B) Y) of instance testfixture.LBP.add_183_S2.U1_7 of module XOR3XL <../syn/LBP_syn.sdf, line 1682>.
ncelab: *W,SDFNEP: Unable to annotate to non-existent path (IOPATH (posedge C) Y) of instance testfixture.LBP.add_183_S2.U1_7 of module XOR3XL <../syn/LBP_syn.sdf, line 1685>.
ncelab: *W,SDFNEP: Unable to annotate to non-existent path (IOPATH (negedge C) Y) of instance testfixture.LBP.add_183_S2.U1_7 of module XOR3XL <../syn/LBP_syn.sdf, line 1686>.
ncelab: *W,SDFNEP: Unable to annotate to non-existent path (IOPATH (posedge A) S) of instance testfixture.LBP.add_183_S2.U1_4 of module ADDFXL <../syn/LBP_syn.sdf, line 1706>.
ncelab: *W,SDFNEP: Unable to annotate to non-existent path (IOPATH (negedge A) S) of instance testfixture.LBP.add_183_S2.U1_4 of module ADDFXL <../syn/LBP_syn.sdf, line 1707>.
ncelab: *W,SDFNEP: Unable to annotate to non-existent path (IOPATH (posedge B) S) of instance testfixture.LBP.add_183_S2.U1_4 of module ADDFXL <../syn/LBP_syn.sdf, line 1712>.
ncelab: *W,SDFNEP: Unable to annotate to non-existent path (IOPATH (negedge B) S) of instance testfixture.LBP.add_183_S2.U1_4 of module ADDFXL <../syn/LBP_syn.sdf, line 1713>.
ncelab: *W,SDFNEP: Unable to annotate to non-existent path (IOPATH (posedge CI) S) of instance testfixture.LBP.add_183_S2.U1_4 of module ADDFXL <../syn/LBP_syn.sdf, line 1716>.
ncelab: *W,SDFNEP: Unable to annotate to non-existent path (IOPATH (negedge CI) S) of instance testfixture.LBP.add_183_S2.U1_4 of module ADDFXL <../syn/LBP_syn.sdf, line 1717>.
ncelab: *W,SDFNEP: Unable to annotate to non-existent path (IOPATH (posedge A) S) of instance testfixture.LBP.add_183_S2.U1_5 of module ADDFXL <../syn/LBP_syn.sdf, line 1737>.
ncelab: *W,SDFNEP: Unable to annotate to non-existent path (IOPATH (negedge A) S) of instance testfixture.LBP.add_183_S2.U1_5 of module ADDFXL <../syn/LBP_syn.sdf, line 1738>.
ncelab: *W,SDFNEP: Unable to annotate to non-existent path (IOPATH (posedge B) S) of instance testfixture.LBP.add_183_S2.U1_5 of module ADDFXL <../syn/LBP_syn.sdf, line 1743>.
ncelab: *W,SDFNEP: Unable to annotate to non-existent path (IOPATH (negedge B) S) of instance testfixture.LBP.add_183_S2.U1_5 of module ADDFXL <../syn/LBP_syn.sdf, line 1744>.
ncelab: *W,SDFNEP: Unable to annotate to non-existent path (IOPATH (posedge CI) S) of instance testfixture.LBP.add_183_S2.U1_5 of module ADDFXL <../syn/LBP_syn.sdf, line 1747>.
ncelab: *W,SDFNEP: Unable to annotate to non-existent path (IOPATH (negedge CI) S) of instance testfixture.LBP.add_183_S2.U1_5 of module ADDFXL <../syn/LBP_syn.sdf, line 1748>.
ncelab: *W,SDFNEP: Unable to annotate to non-existent path (IOPATH (posedge A) S) of instance testfixture.LBP.add_183_S2.U1_6 of module ADDFXL <../syn/LBP_syn.sdf, line 1768>.
ncelab: *W,SDFNEP: Unable to annotate to non-existent path (IOPATH (negedge A) S) of instance testfixture.LBP.add_183_S2.U1_6 of module ADDFXL <../syn/LBP_syn.sdf, line 1769>.
ncelab: *W,SDFNEP: Unable to annotate to non-existent path (IOPATH (posedge B) S) of instance testfixture.LBP.add_183_S2.U1_6 of module ADDFXL <../syn/LBP_syn.sdf, line 1774>.
ncelab: *W,SDFNEP: Unable to annotate to non-existent path (IOPATH (negedge B) S) of instance testfixture.LBP.add_183_S2.U1_6 of module ADDFXL <../syn/LBP_syn.sdf, line 1775>.
ncelab: *W,SDFNEP: Unable to annotate to non-existent path (IOPATH (posedge CI) S) of instance testfixture.LBP.add_183_S2.U1_6 of module ADDFXL <../syn/LBP_syn.sdf, line 1778>.
ncelab: *W,SDFNEP: Unable to annotate to non-existent path (IOPATH (negedge CI) S) of instance testfixture.LBP.add_183_S2.U1_6 of module ADDFXL <../syn/LBP_syn.sdf, line 1779>.
ncelab: *W,SDFNEP: Unable to annotate to non-existent path (IOPATH (posedge A) S) of instance testfixture.LBP.add_183_S2.U1_1 of module ADDFXL <../syn/LBP_syn.sdf, line 1799>.
ncelab: *W,SDFNEP: Unable to annotate to non-existent path (IOPATH (negedge A) S) of instance testfixture.LBP.add_183_S2.U1_1 of module ADDFXL <../syn/LBP_syn.sdf, line 1800>.
ncelab: *W,SDFNEP: Unable to annotate to non-existent path (IOPATH (posedge B) S) of instance testfixture.LBP.add_183_S2.U1_1 of module ADDFXL <../syn/LBP_syn.sdf, line 1805>.
ncelab: *W,SDFNEP: Unable to annotate to non-existent path (IOPATH (negedge B) S) of instance testfixture.LBP.add_183_S2.U1_1 of module ADDFXL <../syn/LBP_syn.sdf, line 1806>.
ncelab: *W,SDFNEP: Unable to annotate to non-existent path (IOPATH (posedge CI) S) of instance testfixture.LBP.add_183_S2.U1_1 of module ADDFXL <../syn/LBP_syn.sdf, line 1809>.
ncelab: *W,SDFNEP: Unable to annotate to non-existent path (IOPATH (negedge CI) S) of instance testfixture.LBP.add_183_S2.U1_1 of module ADDFXL <../syn/LBP_syn.sdf, line 1810>.
ncelab: *W,SDFNEP: Unable to annotate to non-existent path (IOPATH (posedge A) S) of instance testfixture.LBP.add_183_S2.U1_2 of module ADDFXL <../syn/LBP_syn.sdf, line 1830>.
ncelab: *W,SDFNEP: Unable to annotate to non-existent path (IOPATH (negedge A) S) of instance testfixture.LBP.add_183_S2.U1_2 of module ADDFXL <../syn/LBP_syn.sdf, line 1831>.
ncelab: *W,SDFNEP: Unable to annotate to non-existent path (IOPATH (posedge B) S) of instance testfixture.LBP.add_183_S2.U1_2 of module ADDFXL <../syn/LBP_syn.sdf, line 1836>.
ncelab: *W,SDFNEP: Unable to annotate to non-existent path (IOPATH (negedge B) S) of instance testfixture.LBP.add_183_S2.U1_2 of module ADDFXL <../syn/LBP_syn.sdf, line 1837>.
ncelab: *W,SDFNEP: Unable to annotate to non-existent path (IOPATH (posedge CI) S) of instance testfixture.LBP.add_183_S2.U1_2 of module ADDFXL <../syn/LBP_syn.sdf, line 1840>.
ncelab: *W,SDFNEP: Unable to annotate to non-existent path (IOPATH (negedge CI) S) of instance testfixture.LBP.add_183_S2.U1_2 of module ADDFXL <../syn/LBP_syn.sdf, line 1841>.
ncelab: *W,SDFNEP: Unable to annotate to non-existent path (IOPATH (posedge A) S) of instance testfixture.LBP.add_183_S2.U1_3 of module ADDFXL <../syn/LBP_syn.sdf, line 1861>.
ncelab: *W,SDFNEP: Unable to annotate to non-existent path (IOPATH (negedge A) S) of instance testfixture.LBP.add_183_S2.U1_3 of module ADDFXL <../syn/LBP_syn.sdf, line 1862>.
ncelab: *W,SDFNEP: Unable to annotate to non-existent path (IOPATH (posedge B) S) of instance testfixture.LBP.add_183_S2.U1_3 of module ADDFXL <../syn/LBP_syn.sdf, line 1867>.
ncelab: *W,SDFNEP: Unable to annotate to non-existent path (IOPATH (negedge B) S) of instance testfixture.LBP.add_183_S2.U1_3 of module ADDFXL <../syn/LBP_syn.sdf, line 1868>.
ncelab: *W,SDFNEP: Unable to annotate to non-existent path (IOPATH (posedge CI) S) of instance testfixture.LBP.add_183_S2.U1_3 of module ADDFXL <../syn/LBP_syn.sdf, line 1871>.
ncelab: *W,SDFNEP: Unable to annotate to non-existent path (IOPATH (negedge CI) S) of instance testfixture.LBP.add_183_S2.U1_3 of module ADDFXL <../syn/LBP_syn.sdf, line 1872>.
ncelab: *W,SDFNEP: Unable to annotate to non-existent path (IOPATH (posedge A) Y) of instance testfixture.LBP.U495 of module XOR2X1 <../syn/LBP_syn.sdf, line 2058>.
ncelab: *W,SDFNEP: Unable to annotate to non-existent path (IOPATH (negedge A) Y) of instance testfixture.LBP.U495 of module XOR2X1 <../syn/LBP_syn.sdf, line 2059>.
ncelab: *W,SDFNEP: Unable to annotate to non-existent path (IOPATH (posedge B) Y) of instance testfixture.LBP.U495 of module XOR2X1 <../syn/LBP_syn.sdf, line 2062>.
ncelab: *W,SDFNEP: Unable to annotate to non-existent path (IOPATH (negedge B) Y) of instance testfixture.LBP.U495 of module XOR2X1 <../syn/LBP_syn.sdf, line 2063>.
ncelab: *W,SDFNEP: Unable to annotate to non-existent path (IOPATH (posedge A) Y) of instance testfixture.LBP.U493 of module XNOR2X1 <../syn/LBP_syn.sdf, line 2084>.
ncelab: *W,SDFNEP: Unable to annotate to non-existent path (IOPATH (negedge A) Y) of instance testfixture.LBP.U493 of module XNOR2X1 <../syn/LBP_syn.sdf, line 2085>.
ncelab: *W,SDFNEP: Unable to annotate to non-existent path (IOPATH (posedge B) Y) of instance testfixture.LBP.U493 of module XNOR2X1 <../syn/LBP_syn.sdf, line 2088>.
ncelab: *W,SDFNEP: Unable to annotate to non-existent path (IOPATH (negedge B) Y) of instance testfixture.LBP.U493 of module XNOR2X1 <../syn/LBP_syn.sdf, line 2089>.
ncelab: *W,SDFNEP: Unable to annotate to non-existent path (IOPATH (posedge A) Y) of instance testfixture.LBP.U484 of module XOR2X1 <../syn/LBP_syn.sdf, line 2184>.
ncelab: *W,SDFNEP: Unable to annotate to non-existent path (IOPATH (negedge A) Y) of instance testfixture.LBP.U484 of module XOR2X1 <../syn/LBP_syn.sdf, line 2185>.
ncelab: *W,SDFNEP: Unable to annotate to non-existent path (IOPATH (posedge B) Y) of instance testfixture.LBP.U484 of module XOR2X1 <../syn/LBP_syn.sdf, line 2188>.
ncelab: *W,SDFNEP: Unable to annotate to non-existent path (IOPATH (negedge B) Y) of instance testfixture.LBP.U484 of module XOR2X1 <../syn/LBP_syn.sdf, line 2189>.
ncelab: *W,SDFNEP: Unable to annotate to non-existent path (IOPATH (posedge A) Y) of instance testfixture.LBP.U482 of module XNOR2X1 <../syn/LBP_syn.sdf, line 2210>.
ncelab: *W,SDFNEP: Unable to annotate to non-existent path (IOPATH (negedge A) Y) of instance testfixture.LBP.U482 of module XNOR2X1 <../syn/LBP_syn.sdf, line 2211>.
ncelab: *W,SDFNEP: Unable to annotate to non-existent path (IOPATH (posedge B) Y) of instance testfixture.LBP.U482 of module XNOR2X1 <../syn/LBP_syn.sdf, line 2214>.
ncelab: *W,SDFNEP: Unable to annotate to non-existent path (IOPATH (negedge B) Y) of instance testfixture.LBP.U482 of module XNOR2X1 <../syn/LBP_syn.sdf, line 2215>.
ncelab: *W,SDFNEP: Unable to annotate to non-existent path (IOPATH (posedge A) Y) of instance testfixture.LBP.U457 of module XOR2X1 <../syn/LBP_syn.sdf, line 2526>.
ncelab: *W,SDFNEP: Unable to annotate to non-existent path (IOPATH (negedge A) Y) of instance testfixture.LBP.U457 of module XOR2X1 <../syn/LBP_syn.sdf, line 2527>.
ncelab: *W,SDFNEP: Unable to annotate to non-existent path (IOPATH (posedge B) Y) of instance testfixture.LBP.U457 of module XOR2X1 <../syn/LBP_syn.sdf, line 2530>.
ncelab: *W,SDFNEP: Unable to annotate to non-existent path (IOPATH (negedge B) Y) of instance testfixture.LBP.U457 of module XOR2X1 <../syn/LBP_syn.sdf, line 2531>.
ncelab: *W,SDFNEP: Unable to annotate to non-existent path (IOPATH (posedge A) Y) of instance testfixture.LBP.U456 of module XOR2X1 <../syn/LBP_syn.sdf, line 2542>.
ncelab: *W,SDFNEP: Unable to annotate to non-existent path (IOPATH (negedge A) Y) of instance testfixture.LBP.U456 of module XOR2X1 <../syn/LBP_syn.sdf, line 2543>.
ncelab: *W,SDFNEP: Unable to annotate to non-existent path (IOPATH (posedge B) Y) of instance testfixture.LBP.U456 of module XOR2X1 <../syn/LBP_syn.sdf, line 2546>.
ncelab: *W,SDFNEP: Unable to annotate to non-existent path (IOPATH (negedge B) Y) of instance testfixture.LBP.U456 of module XOR2X1 <../syn/LBP_syn.sdf, line 2547>.
ncelab: *W,SDFNEP: Unable to annotate to non-existent path (IOPATH (posedge A) Y) of instance testfixture.LBP.U302 of module XOR2X1 <../syn/LBP_syn.sdf, line 4248>.
ncelab: *W,SDFNEP: Unable to annotate to non-existent path (IOPATH (negedge A) Y) of instance testfixture.LBP.U302 of module XOR2X1 <../syn/LBP_syn.sdf, line 4249>.
ncelab: *W,SDFNEP: Unable to annotate to non-existent path (IOPATH (posedge B) Y) of instance testfixture.LBP.U302 of module XOR2X1 <../syn/LBP_syn.sdf, line 4252>.
ncelab: *W,SDFNEP: Unable to annotate to non-existent path (IOPATH (negedge B) Y) of instance testfixture.LBP.U302 of module XOR2X1 <../syn/LBP_syn.sdf, line 4253>.
	Annotation completed with 0 Errors and 122 Warnings
	SDF statistics: No. of Pathdelays = 1322  Annotated = 100.00% -- No. of Tchecks = 492  Annotated = 100.00% 
				        Total 	   Annotated	  Percentage
		 Path Delays	        1322	        1322	      100.00
		      $width	         246	         246	      100.00
		  $setuphold	         246	         246	      100.00
	Building instance overlay tables: .................... Done
	Generating native compiled code:
		tsmc13_neg.DFFRX1:v <0x3659f8fe>
			streams:   0, words:     0
		tsmc13_neg.DFFRX1:v <0x3b80421d>
			streams:   0, words:     0
		tsmc13_neg.DFFRX1:v <0x79d504a5>
			streams:   0, words:     0
		tsmc13_neg.DFFRXL:v <0x243686cd>
			streams:   0, words:     0
		tsmc13_neg.DFFSX1:v <0x0171f77d>
			streams:   0, words:     0
		tsmc13_neg.DFFSX1:v <0x0ca84d9e>
			streams:   0, words:     0
		worklib.LBP:v <0x6f9baf3c>
			streams:   0, words:     0
		worklib.testfixture:v <0x65bf43c7>
			streams:  16, words: 17480
	Building instance specific data structures.
	Loading native compiled code:     .................... Done
	Design hierarchy summary:
		                    Instances  Unique
		Modules:                  417      56
		UDPs:                      82       1
		Primitives:              1026       8
		Timing outputs:           486      21
		Registers:                 98      20
		Scalar wires:             575       -
		Expanded wires:             8       1
		Always blocks:              2       2
		Initial blocks:            17      17
		Pseudo assignments:         1       1
		Timing checks:            738     102
		Interconnect:            1101       -
		Delayed tcheck signals:   246      90
		Simulation timescale:     1ps
	Writing initial simulation snapshot: worklib.testfixture:v
Loading snapshot worklib.testfixture:v .................... Done
*Verdi* Loading libsscore_ius152.so
ncsim> source /usr/cad/cadence/INCISIV/cur/tools/inca/files/ncsimrc
ncsim> run
ncsim: *W,DVEXACC: some objects excluded from $dumpvars due to access restrictions, use +access+r on command line for access to all objects.
            File: ./testfixture.v, line = 55, pos = 9
           Scope: testfixture
            Time: 0 FS + 0

-----------------------------------------------------

START!!! Simulation Start .....

-----------------------------------------------------

Output pixel: 0 ~           0 are correct!

Output pixel: 0 ~        1000 are correct!

Output pixel: 0 ~        2000 are correct!

Output pixel: 0 ~        3000 are correct!

Output pixel: 0 ~        4000 are correct!

Output pixel: 0 ~        5000 are correct!

Output pixel: 0 ~        6000 are correct!

Output pixel: 0 ~        7000 are correct!

Output pixel: 0 ~        8000 are correct!

Output pixel: 0 ~        9000 are correct!

Output pixel: 0 ~       10000 are correct!

Output pixel: 0 ~       11000 are correct!

Output pixel: 0 ~       12000 are correct!

Output pixel: 0 ~       13000 are correct!

Output pixel: 0 ~       14000 are correct!

Output pixel: 0 ~       15000 are correct!

Output pixel: 0 ~       16000 are correct!

Output pixel: 0 ~       16383 are correct!

-----------------------------------------------------

Congratulations! All data have been generated successfully!

-------------------------PASS------------------------

Simulation complete via $finish(1) at time 1587670 NS + 0
./testfixture.v:130       #(`CYCLE/2); $finish;
ncsim> exit
TOOL:	ncverilog	15.20-s039: Exiting on Sep 16, 2020 at 18:17:42 CST  (total: 00:00:07)
