ncsim 15.20-s039
Linux 3.10.0-1160.15.2.el7.x86_64 #1 SMP Wed Feb 3 15:06:38 UTC 2021 x86_64
CPU cores: 12
Limit information:
======================================
cputime			unlimited
filesize		unlimited
datasize		unlimited
stacksize		8192 kbytes
coredumpsize	0 kbytes
memoryuse		unlimited
vmemoryuse		unlimited
descriptors		4096
memorylocked	64 kbytes
maxproc			4096
======================================
(Special)Runtime environment variables:

Runtime environment variables:
DISPLAY=140.125.44.75:0.0
EDITOR=/usr/bin/vim
GROUP=M10912039
HISTCONTROL=ignoredups
HISTSIZE=1000
HOME=/home/DICS/M10912039
HOST=icsdws20.ee.yuntech.edu.tw
HOSTNAME=icsdws20.ee.yuntech.edu.tw
HOSTTYPE=x86_64-linux
LANG=en_US.UTF-8
LD_LIBRARY_PATH=/usr/cad/synopsys/verdi/cur/share/PLI/IUS/LINUX/:/usr/cad/cadence/INCISIV/cur/tools/lib:/usr/cad/cadence/INCISIV/cur/tools/vtools/vfault/lib::/usr/openwin/lib:/usr/dt/lib:/usr/lib:/usr/local/lib
LESSOPEN=||/usr/bin/lesspipe.sh %s
LM_LICENSE_FILE=26585@140.116.49.24:5280@140.116.49.24:
LOGNAME=M10912039
LS_COLORS=rs=0:di=38;5;27:ln=38;5;51:mh=44;38;5;15:pi=40;38;5;11:so=38;5;13:do=38;5;5:bd=48;5;232;38;5;11:cd=48;5;232;38;5;3:or=48;5;232;38;5;9:mi=05;48;5;232;38;5;15:su=48;5;196;38;5;15:sg=48;5;11;38;5;16:ca=48;5;196;38;5;226:tw=48;5;10;38;5;16:ow=48;5;10;38;5;21:st=48;5;21;38;5;15:ex=38;5;34:*.tar=38;5;9:*.tgz=38;5;9:*.arc=38;5;9:*.arj=38;5;9:*.taz=38;5;9:*.lha=38;5;9:*.lz4=38;5;9:*.lzh=38;5;9:*.lzma=38;5;9:*.tlz=38;5;9:*.txz=38;5;9:*.tzo=38;5;9:*.t7z=38;5;9:*.zip=38;5;9:*.z=38;5;9:*.Z=38;5;9:*.dz=38;5;9:*.gz=38;5;9:*.lrz=38;5;9:*.lz=38;5;9:*.lzo=38;5;9:*.xz=38;5;9:*.bz2=38;5;9:*.bz=38;5;9:*.tbz=38;5;9:*.tbz2=38;5;9:*.tz=38;5;9:*.deb=38;5;9:*.rpm=38;5;9:*.jar=38;5;9:*.war=38;5;9:*.ear=38;5;9:*.sar=38;5;9:*.rar=38;5;9:*.alz=38;5;9:*.ace=38;5;9:*.zoo=38;5;9:*.cpio=38;5;9:*.7z=38;5;9:*.rz=38;5;9:*.cab=38;5;9:*.jpg=38;5;13:*.jpeg=38;5;13:*.gif=38;5;13:*.bmp=38;5;13:*.pbm=38;5;13:*.pgm=38;5;13:*.ppm=38;5;13:*.tga=38;5;13:*.xbm=38;5;13:*.xpm=38;5;13:*.tif=38;5;13:*.tiff=38;5;13:*.png=38;5;13:*.svg=38;5;13:*.svgz=38;5;13:*.mng=38;5;13:*.pcx=38;5;13:*.mov=38;5;13:*.mpg=38;5;13:*.mpeg=38;5;13:*.m2v=38;5;13:*.mkv=38;5;13:*.webm=38;5;13:*.ogm=38;5;13:*.mp4=38;5;13:*.m4v=38;5;13:*.mp4v=38;5;13:*.vob=38;5;13:*.qt=38;5;13:*.nuv=38;5;13:*.wmv=38;5;13:*.asf=38;5;13:*.rm=38;5;13:*.rmvb=38;5;13:*.flc=38;5;13:*.avi=38;5;13:*.fli=38;5;13:*.flv=38;5;13:*.gl=38;5;13:*.dl=38;5;13:*.xcf=38;5;13:*.xwd=38;5;13:*.yuv=38;5;13:*.cgm=38;5;13:*.emf=38;5;13:*.axv=38;5;13:*.anx=38;5;13:*.ogv=38;5;13:*.ogx=38;5;13:*.aac=38;5;45:*.au=38;5;45:*.flac=38;5;45:*.mid=38;5;45:*.midi=38;5;45:*.mka=38;5;45:*.mp3=38;5;45:*.mpc=38;5;45:*.ogg=38;5;45:*.ra=38;5;45:*.wav=38;5;45:*.axa=38;5;45:*.oga=38;5;45:*.spx=38;5;45:*.xspf=38;5;45:
MACHTYPE=x86_64
MAIL=/var/spool/mail/M10912039
MANPATH=/usr/cad/synopsys/synthesis/cur/doc/syn/man
OLDPWD=/root
OSTYPE=linux
PATH=/usr/cad/synopsys/icc2/cur/bin:/usr/cad/synopsys/icc/cur/amd64/syn/bin:/usr/cad/synopsys/spyglass/cur/SPYGLASS_HOME/bin:/usr/cad/synopsys/vcs/cur/bin:/usr/cad/synopsys/vcs/cur/linux/bin:/usr/cad/synopsys/vcs/cur/linux/util:/usr/cad/synopsys/vcs/cur/linux/flexlm:/usr/cad/synopsys/verdi/cur/bin:/usr/cad/synopsys/verdi/cur/nLint/bin:/usr/bin/X11:/usr/cad/synopsys/coreConsultant/cur/bin:/usr/cad/synopsys/synthesis/cur/amd64/syn/bin:/usr/cad/synopsys/lc/cur/bin:/usr/cad/cadence/INCISIV/cur/tools/bin:/usr/cad/cadence/INCISIV/cur/tools/vtools/vfault/bin:/usr/cad/cadence/INCISIV/cur/tools/dfII/bin:/usr/local/sbin:/usr/local/bin:/usr/sbin:/usr/bin:/root/bin
PWD=/home/DICS/M10912039/CIC/CIC_2016_grad/finial/icc2016cb
REMOTEHOST=dics15.ee.yuntech.edu.tw
SELINUX_LEVEL_REQUESTED=
SELINUX_ROLE_REQUESTED=
SELINUX_USE_CURRENT_RANGE=
SG_HTML_BROWSER=/usr/bin/mozilla
SHELL=/bin/bash
SHLIB_PATH=/usr/cad/synopsys/verdi/cur/share/PLI/IUS/LINUX
SHLVL=4
SSH_CLIENT=140.125.44.75 57179 22
SSH_CONNECTION=140.125.44.75 57179 140.125.44.60 22
SSH_TTY=/dev/pts/5
SYNOPSYS=/usr/cad/synopsys/icc/cur
SYNTHESIS=/usr/cad/synopsys/synthesis/cur
SYN_MAN_DIR=/usr/cad/synopsys/synthesis/cur/doc/syn/man
TERM=xterm-256color
USER=M10912039
VCS_CC=gcc
VCS_HOME=/usr/cad/synopsys/vcs/cur/
VENDOR=unknown
VERDI_HOME=/usr/cad/synopsys/verdi/cur/
XDG_DATA_DIRS=/root/.local/share/flatpak/exports/share:/var/lib/flatpak/exports/share:/usr/local/share:/usr/share
XDG_RUNTIME_DIR=/run/user/0
XDG_SESSION_ID=1048
XLOCALEDIR=/usr/cad/synopsys/icc2/cur/etc/locale
_IRUNROOT_=/usr/cad/cadence/INCISIV/cur/tools
CDS_ARCH=lnx86
NCRUNMODE=ncverilog:./INCA_libs/irun.lnx86.15.20.nc
IRUNBATCH=FALSE
IMPERAS_PORT_FILE=.vsp_ovp_gdb_port
TCL_LIBRARY=/usr/cad/cadence/INCISIV/cur/tools/inca/files/tcl/library
Runtime command line arguments:
argv[0]=ncverilog
argv[1]=testfixture_a.v
argv[2]=CLE_syn.v
argv[3]=-v
argv[4]=tsmc13_neg.v
argv[5]=+define+SDF
argv[6]=+access+r
79 profile - 100
          CPU/Mem usage: 0.040 sys,  0.040 user,  64.47M sys,  0.00M vm
80 VC callback profile - scalar:0 vector:0
81 Tue Mar 23 16:31:16 2021
82 pliAppInit
83 FSDB_GATE is disabled.
84 Enable Parallel Dumping.
85 pliAppMiscSet: New Sim Round
86 pliEntryInit
87 LIBSSCORE=found /usr/cad/synopsys/verdi/cur/share/PLI/IUS/LINUX/libsscore_ius152.so through $LD_LIBRARY_PATH setting.
88 argv[0]: CLE.fsdb
89 FSDB Dumper for IUS, Release Verdi_O-2018.09, Linux, 08/30/2018
90 (C) 1996 - 2018 by Synopsys, Inc.
91 sps_call_fsdbDumpfile at 0 : /home/DICS/M10912039/CIC/CIC_2016_grad/finial/icc2016cb/testfixture_a.v(90)
92 argv[0]: CLE.fsdb
93 *Verdi* FSDB WARNING: The FSDB file already exists. Overwriting the FSDB file may crash the programs that are using this file.
94 *Verdi* : Create FSDB file 'CLE.fsdb'
95 sps_call_fsdbDumpvars at 0 : /home/DICS/M10912039/CIC/CIC_2016_grad/finial/icc2016cb/testfixture_a.v(91)
96 *Verdi* : Begin traversing the scopes, layer (0).
97 Cell instance `test.u_rom'.
98 *Verdi* : End of traversing.
99 fsdbDumpvars traverse var: profile - 
          CPU/Mem usage: 0.040 sys,  0.200 user,  154.51M sys,  0.00M vm
                   incr: 0.000 sys,  0.160 user,  11.20M sys,  0.00M vm
                   accu: 0.000 sys,  0.160 user,  11.20M sys,  0.00M vm
              accu incr: 0.000 sys,  0.160 user,  11.20M sys,  0.00M vm

          Count usage: 43514 var,  14312 idcode,  14312 callback
                 incr: 43514 var,  14312 idcode,  14312 callback
                 accu: 43514 var,  14312 idcode,  14312 callback
            accu incr: 43514 var,  14312 idcode,  14312 callback
100 VC callback profile - scalar:0 vector:0
101 Tue Mar 23 16:31:16 2021
102 fsdbDumpvars: profile - 
          CPU/Mem usage: 0.040 sys,  0.200 user,  155.56M sys,  0.00M vm
                   incr: 0.000 sys,  0.000 user,  1.05M sys,  0.00M vm
                   accu: 0.000 sys,  0.160 user,  12.25M sys,  0.00M vm
              accu incr: 0.000 sys,  0.000 user,  1.05M sys,  0.00M vm

          Count usage: 43514 var,  14312 idcode,  14312 callback
                 incr: 0 var,  0 idcode,  0 callback
                 accu: 43514 var,  14312 idcode,  14312 callback
            accu incr: 0 var,  0 idcode,  0 callback
103 VC callback profile - scalar:14284 vector:28
104 Tue Mar 23 16:31:16 2021
105 sps_call_fsdbDumpMDA at 0 : /home/DICS/M10912039/CIC/CIC_2016_grad/finial/icc2016cb/testfixture_a.v(92)
106 *Verdi* : Begin traversing the MDAs, layer (0).
107 *Verdi* : Enable +mda and +packedmda dumping.
108 Cell instance `test.u_rom'.
109 *Verdi* : End of traversing the MDAs.
110 fsdbDumpMDA traverse var: profile - 
          CPU/Mem usage: 0.040 sys,  0.250 user,  155.71M sys,  0.00M vm
                   incr: 0.000 sys,  0.050 user,  0.15M sys,  0.00M vm
                   accu: 0.000 sys,  0.050 user,  0.15M sys,  0.00M vm
              accu incr: 0.000 sys,  0.050 user,  0.15M sys,  0.00M vm

          Count usage: 46719 var,  17517 idcode,  17520 callback
                 incr: 3205 var,  3205 idcode,  3208 callback
                 accu: 3205 var,  3205 idcode,  3208 callback
            accu incr: 3205 var,  3205 idcode,  3208 callback
111 VC callback profile - scalar:14284 vector:28
112 Tue Mar 23 16:31:17 2021
113 fsdbDumpMDA: profile - 
          CPU/Mem usage: 0.040 sys,  0.260 user,  155.85M sys,  0.00M vm
                   incr: 0.000 sys,  0.010 user,  0.14M sys,  0.00M vm
                   accu: 0.000 sys,  0.060 user,  0.29M sys,  0.00M vm
              accu incr: 0.000 sys,  0.010 user,  0.14M sys,  0.00M vm

          Count usage: 46719 var,  17517 idcode,  17520 callback
                 incr: 0 var,  0 idcode,  0 callback
                 accu: 3205 var,  3205 idcode,  3208 callback
            accu incr: 0 var,  0 idcode,  0 callback
114 VC callback profile - scalar:14284 vector:3233
115 Tue Mar 23 16:31:17 2021
116 End of simulation at 29801236
117 VC callback profile - scalar:707934 vector:33085
118 Tue Mar 23 16:31:17 2021
119 Begin FSDB profile info:
120 FSDB Writer : bc1(707934) bcn(33085) mtf/stf(0/0)
FSDB Writer elapsed time : flush(0.059066) io wait(0.000000) theadpool wait(0.000000) target functin(0.000000)
FSDB Writer cpu time : MT Compression : 0
121 End FSDB profile info
122 Parallel profile    -  Flush:4 Expand:0 ProduceWait:0 ConsumerWait:0 BlockUsed:3
123                        ProduceTime:0.496246962 ConsumerTime:0.069322127 Buffer:64MB
124 SimExit
125 Sim process exit
