 
****************************************
Report : area
Design : LBP
Version: Q-2019.12
Date   : Wed Sep 16 18:15:57 2020
****************************************

Library(s) Used:

    slow (File: /usr/cad/CBDK_IC_Contest_v2.1/SynopsysDC/db/slow.db)

Number of ports:                          104
Number of nets:                           550
Number of cells:                          415
Number of combinational cells:            329
Number of sequential cells:                82
Number of macros/black boxes:               0
Number of buf/inv:                        104
Number of references:                      49

Combinational area:               3152.071813
Buf/Inv area:                      882.648014
Noncombinational area:            2637.759514
Macro/Black Box area:                0.000000
Net Interconnect area:           53200.268463

Total cell area:                  5789.831327
Total area:                      58990.099790
1
